Using pre-set license
Built from '2020.3/staging' branch; Version is '2020.3.9f1 (108be757e447) revision 1084391'; Using compiler version '192528614'; Build Type 'Release'
OS: 'Windows 10 Pro; OS build 19043.1165; Version 2009; 64bit' Language: 'en' Physical Memory: 8049 MB
BatchMode: 1, IsHumanControllingUs: 0, StartBugReporterOnCrash: 0, Is64bit: 1, IsPro: 0

 COMMAND LINE ARGUMENTS:
D:\Installed Programmes\2020.3.9f1\Editor\Unity.exe
-adb2
-batchMode
-noUpm
-name
AssetImportWorker0
-projectPath
D:/Unity Projects/Daily Work/Tic Tac Toe
-logFile
Logs/AssetImportWorker0.log
-srvPort
50007
Successfully changed project path to: D:/Unity Projects/Daily Work/Tic Tac Toe
D:/Unity Projects/Daily Work/Tic Tac Toe
Using Asset Import Pipeline V2.
Refreshing native plugins compatible for Editor in 49.37 ms, found 1 plugins.
Preloading 0 native plugins for Editor in 0.00 ms.
Initialize engine version: 2020.3.9f1 (108be757e447)
[Subsystems] Discovering subsystems at path D:/Installed Programmes/2020.3.9f1/Editor/Data/Resources/UnitySubsystems
[Subsystems] Discovering subsystems at path D:/Unity Projects/Daily Work/Tic Tac Toe/Assets
GfxDevice: creating device client; threaded=0
Direct3D:
    Version:  Direct3D 11.0 [level 11.0]
    Renderer: NVIDIA GeForce GT 650M (ID=0xfd1)
    Vendor:   
    VRAM:     2017 MB
    Driver:   21.21.13.6909
Initialize mono
Mono path[0] = 'D:/Installed Programmes/2020.3.9f1/Editor/Data/Managed'
Mono path[1] = 'D:/Installed Programmes/2020.3.9f1/Editor/Data/MonoBleedingEdge/lib/mono/unityjit'
Mono config path = 'D:/Installed Programmes/2020.3.9f1/Editor/Data/MonoBleedingEdge/etc'
Using monoOptions --debugger-agent=transport=dt_socket,embedding=1,server=y,suspend=n,address=127.0.0.1:56516
Begin MonoManager ReloadAssembly
Registering precompiled unity dll's ...
Register platform support module: D:/Installed Programmes/2020.3.9f1/Editor/Data/PlaybackEngines/WebGLSupport/UnityEditor.WebGL.Extensions.dll
Register platform support module: D:/Installed Programmes/2020.3.9f1/Editor/Data/PlaybackEngines/WindowsStandaloneSupport/UnityEditor.WindowsStandalone.Extensions.dll
Registered in 0.002474 seconds.
Native extension for WindowsStandalone target not found
Native extension for WebGL target not found
Refreshing native plugins compatible for Editor in 67.97 ms, found 1 plugins.
Preloading 0 native plugins for Editor in 0.00 ms.
Mono: successfully reloaded assembly
- Completed reload, in  2.615 seconds
Platform modules already initialized, skipping
Registering precompiled user dll's ...
Registered in 0.001254 seconds.
Begin MonoManager ReloadAssembly
Native extension for WindowsStandalone target not found
Native extension for WebGL target not found
Refreshing native plugins compatible for Editor in 50.54 ms, found 1 plugins.
Preloading 0 native plugins for Editor in 0.00 ms.
Mono: successfully reloaded assembly
- Completed reload, in  1.230 seconds
Platform modules already initialized, skipping
========================================================================
Worker process is ready to serve import requests
Launched and connected shader compiler UnityShaderCompiler.exe after 0.06 seconds
Refreshing native plugins compatible for Editor in 0.43 ms, found 1 plugins.
Preloading 0 native plugins for Editor in 0.00 ms.
Unloading 1811 Unused Serialized files (Serialized files now loaded: 0)
System memory in use before: 84.8 MB.
System memory in use after: 84.9 MB.

Unloading 19 unused Assets to reduce memory usage. Loaded Objects now: 2258.
Total: 2.355200 ms (FindLiveObjects: 0.179900 ms CreateObjectMapping: 0.081300 ms MarkObjects: 2.012800 ms  DeleteObjects: 0.079500 ms)

========================================================================
Received Import Request.
  path: Assets/Tic Tac Toe Icon.png
  artifactKey: Guid(23d191172c2b0264aa764ae6eff31030) Importer(815301076,1909f56bfc062723c751e8b465ee728b)
Start importing Assets/Tic Tac Toe Icon.png using Guid(23d191172c2b0264aa764ae6eff31030) Importer(815301076,1909f56bfc062723c751e8b465ee728b)  -> (artifact id: '745dcf0cd256f3b585fb0bad0086e945') in 0.191620 seconds
  Import took 0.195317 seconds .

AssetImportWorkerClient::OnTransportError - code=2 error=End of file
